[2026-03-17T11:00:00.684Z] 401: No token in cookies for /api/getDashboardProps. Cookies present: 
[2026-03-17T11:00:00.795Z] 401: No token in cookies for /api/activities/stream. Cookies present: 
[2026-03-17T11:00:00.803Z] 401: No token in cookies for /api/activities. Cookies present: 
[2026-03-25T09:36:21.763Z] 401: No token in cookies for /api/getDashboardProps. Cookies present: 
[2026-03-25T09:37:46.994Z] 401: No token in cookies for /api/getDashboardProps. Cookies present: 
[2026-03-25T09:37:47.096Z] 401: No token in cookies for /api/activities. Cookies present: 
[2026-03-25T09:37:47.123Z] 401: No token in cookies for /api/activities/stream. Cookies present: 
[2026-03-25T09:38:00.202Z] 401: No token in cookies for /api/getDashboardProps. Cookies present: 
[2026-03-25T09:39:03.073Z] 401: No token in cookies for /api/getBranchProps?page=1&perpage=null. Cookies present: 
[2026-03-25T09:46:39.525Z] 401: No token in cookies for /api/getDashboardProps. Cookies present: 
[2026-03-25T09:46:39.604Z] 401: No token in cookies for /api/activities. Cookies present: 
[2026-03-25T09:46:39.621Z] 401: No token in cookies for /api/activities/stream. Cookies present: 
[2026-03-25T09:47:12.614Z] 401: No token in cookies for /api/getDashboardProps. Cookies present: 
[2026-03-25T09:47:12.701Z] 401: No token in cookies for /api/integrations/analytics. Cookies present: 
[2026-03-25T09:47:12.730Z] 401: No token in cookies for /api/activities/stream. Cookies present: 
[2026-03-25T09:47:12.735Z] 401: No token in cookies for /api/activities. Cookies present: 
[2026-03-25T09:53:45.861Z] 401: No token in cookies for /api/getDashboardProps. Cookies present: 
[2026-03-25T09:53:45.984Z] 401: No token in cookies for /api/activities. Cookies present: 
[2026-03-25T09:53:46.008Z] 401: No token in cookies for /api/integrations/analytics. Cookies present: 
[2026-03-25T10:04:49.525Z] 401: Token verification failed for /api/getBranchProps. Error: signature verification failed
[2026-03-25T10:14:30.004Z] 401: No token in cookies for /api/getBranchProps?page=1&perpage=null. Cookies present: 
